<?xml version="1.0" encoding="UTF-8"?>
<testng-results ignored="0" total="2" passed="2" failed="0" skipped="0">
  <reporter-output>
  </reporter-output>
  <suite started-at="2023-12-20T15:30:37 IST" name="Default suite" finished-at="2023-12-20T15:32:08 IST" duration-ms="90544">
    <groups>
    </groups>
    <test started-at="2023-12-20T15:30:37 IST" name="Default test" finished-at="2023-12-20T15:32:08 IST" duration-ms="90544">
      <class name="sampleExtentreport.ExtendReportTestNG">
        <test-method is-config="true" signature="setup()[pri:0, instance:sampleExtentreport.ExtendReportTestNG@4681c175]" started-at="2023-12-20T15:30:34 IST" name="setup" finished-at="2023-12-20T15:30:37 IST" duration-ms="3443" status="PASS">
          <reporter-output>
          </reporter-output>
        </test-method> <!-- setup -->
        <test-method signature="test2()[pri:0, instance:sampleExtentreport.ExtendReportTestNG@4681c175]" started-at="2023-12-20T15:30:37 IST" name="test2" finished-at="2023-12-20T15:32:01 IST" duration-ms="83267" status="PASS">
          <reporter-output>
          </reporter-output>
        </test-method> <!-- test2 -->
        <test-method signature="test1()[pri:1, instance:sampleExtentreport.ExtendReportTestNG@4681c175]" started-at="2023-12-20T15:32:01 IST" name="test1" finished-at="2023-12-20T15:32:08 IST" duration-ms="7176" status="PASS">
          <reporter-output>
          </reporter-output>
        </test-method> <!-- test1 -->
        <test-method is-config="true" signature="teardown()[pri:0, instance:sampleExtentreport.ExtendReportTestNG@4681c175]" started-at="2023-12-20T15:32:08 IST" name="teardown" finished-at="2023-12-20T15:32:09 IST" duration-ms="934" status="PASS">
          <reporter-output>
          </reporter-output>
        </test-method> <!-- teardown -->
      </class> <!-- sampleExtentreport.ExtendReportTestNG -->
    </test> <!-- Default test -->
  </suite> <!-- Default suite -->
</testng-results>
