<?xml version="1.0" encoding="UTF-8"?>
<testng-results ignored="0" total="2" passed="2" failed="0" skipped="0">
  <reporter-output>
  </reporter-output>
  <suite started-at="2023-12-27T12:50:59 IST" name="Default suite" finished-at="2023-12-27T12:52:43 IST" duration-ms="104327">
    <groups>
    </groups>
    <test started-at="2023-12-27T12:50:59 IST" name="Default test" finished-at="2023-12-27T12:52:43 IST" duration-ms="104327">
      <class name="utils.LearnDataProvider">
        <test-method signature="login([Ljava.lang.String;)[pri:0, instance:utils.LearnDataProvider@4b013c76]" started-at="2023-12-27T12:51:00 IST" name="login" data-provider="getData" finished-at="2023-12-27T12:51:52 IST" duration-ms="52440" status="PASS">
          <params>
            <param index="0">
              <value>
                <![CDATA[[Ljava.lang.String;@751ae8a4]]>
              </value>
            </param>
          </params>
          <reporter-output>
          </reporter-output>
        </test-method> <!-- login -->
        <test-method signature="login([Ljava.lang.String;)[pri:0, instance:utils.LearnDataProvider@4b013c76]" started-at="2023-12-27T12:51:52 IST" name="login" data-provider="getData" finished-at="2023-12-27T12:52:43 IST" duration-ms="50975" status="PASS">
          <params>
            <param index="0">
              <value>
                <![CDATA[[Ljava.lang.String;@58d6e55a]]>
              </value>
            </param>
          </params>
          <reporter-output>
          </reporter-output>
        </test-method> <!-- login -->
      </class> <!-- utils.LearnDataProvider -->
    </test> <!-- Default test -->
  </suite> <!-- Default suite -->
</testng-results>
