<?xml version="1.0" encoding="UTF-8"?>
<!-- Generated by org.testng.reporters.JUnitXMLReporter -->
<testsuite ignored="0" hostname="NLPULTP7204778" failures="1" tests="1" name="Test" time="0.043" errors="0" timestamp="2023-12-27T12:34:56 IST">
  <testcase classname="utils.LearnDataProvider" name="login" time="0.0">
    <failure type="org.testng.TestNGException" message="
Method public void utils.LearnDataProvider.login(java.lang.String[]) requires a @DataProvider named : getdata in class utils.DataUtils">
      <![CDATA[org.testng.TestNGException: 
Method public void utils.LearnDataProvider.login(java.lang.String[]) requires a @DataProvider named : getdata in class utils.DataUtils
at java.base/java.util.ArrayList.forEach(ArrayList.java:1511)
... Removed 24 stack frames]]>
    </failure>
  </testcase> <!-- login -->
</testsuite> <!-- Test -->
